# JRE version: 7.0_07-b11
# Java VM: Java HotSpot(TM) Client VM (23.3-b01 mixed mode windows-x86 )
Heap
 def new generation   total 4928K, used 480K [0x04960000, 0x04eb0000, 0x09eb0000)
  eden space 4416K,   2% used [0x04960000, 0x04978598, 0x04db0000)
  from space 512K,  74% used [0x04e30000, 0x04e8fc70, 0x04eb0000)
  to   space 512K,   0% used [0x04db0000, 0x04db0000, 0x04e30000)
 tenured generation   total 10944K, used 2474K [0x09eb0000, 0x0a960000, 0x14960000)
   the space 10944K,  22% used [0x09eb0000, 0x0a11a950, 0x0a11aa00, 0x0a960000)
 compacting perm gen  total 12288K, used 6262K [0x14960000, 0x15560000, 0x18960000)
   the space 12288K,  50% used [0x14960000, 0x14f7d9e8, 0x14f7da00, 0x15560000)
GC Heap History (10 events):
Event: 0.781 GC heap before
{Heap before GC invocations=12 (full 0):
 def new generation   total 4928K, used 4416K [0x04960000, 0x04eb0000, 0x09eb0000)
  eden space 4416K, 100% used [0x04960000, 0x04db0000, 0x04db0000)
  from space 512K,   0% used [0x04db0000, 0x04db00d0, 0x04e30000)
  to   space 512K,   0% used [0x04e30000, 0x04e30000, 0x04eb0000)
 tenured generation   total 10944K, used 2401K [0x09eb0000, 0x0a960000, 0x14960000)
   the space 10944K,  21% used [0x09eb0000, 0x0a108678, 0x0a108800, 0x0a960000)
 compacting perm gen  total 12288K, used 5018K [0x14960000, 0x15560000, 0x18960000)
   the space 12288K,  40% used [0x14960000, 0x14e46918, 0x14e46a00, 0x15560000)
No shared spaces configured.
Event: 0.781 GC heap after
Heap after GC invocations=13 (full 0):
 def new generation   total 4928K, used 0K [0x04960000, 0x04eb0000, 0x09eb0000)
  eden space 4416K,   0% used [0x04960000, 0x04960000, 0x04db0000)
  from space 512K,   0% used [0x04e30000, 0x04e300d0, 0x04eb0000)
  to   space 512K,   0% used [0x04db0000, 0x04db0000, 0x04e30000)
 tenured generation   total 10944K, used 2401K [0x09eb0000, 0x0a960000, 0x14960000)
   the space 10944K,  21% used [0x09eb0000, 0x0a108678, 0x0a108800, 0x0a960000)
 compacting perm gen  total 12288K, used 5018K [0x14960000, 0x15560000, 0x18960000)
   the space 12288K,  40% used [0x14960000, 0x14e46918, 0x14e46a00, 0x15560000)
No shared spaces configured.
}
Event: 0.943 GC heap before
{Heap before GC invocations=13 (full 0):
 def new generation   total 4928K, used 4416K [0x04960000, 0x04eb0000, 0x09eb0000)
  eden space 4416K, 100% used [0x04960000, 0x04db0000, 0x04db0000)
  from space 512K,   0% used [0x04e30000, 0x04e300d0, 0x04eb0000)
  to   space 512K,   0% used [0x04db0000, 0x04db0000, 0x04e30000)
 tenured generation   total 10944K, used 2401K [0x09eb0000, 0x0a960000, 0x14960000)
   the space 10944K,  21% used [0x09eb0000, 0x0a108678, 0x0a108800, 0x0a960000)
 compacting perm gen  total 12288K, used 5520K [0x14960000, 0x15560000, 0x18960000)
   the space 12288K,  44% used [0x14960000, 0x14ec4160, 0x14ec4200, 0x15560000)
No shared spaces configured.
Event: 0.944 GC heap after
Heap after GC invocations=14 (full 0):
 def new generation   total 4928K, used 77K [0x04960000, 0x04eb0000, 0x09eb0000)
  eden space 4416K,   0% used [0x04960000, 0x04960000, 0x04db0000)
  from space 512K,  15% used [0x04db0000, 0x04dc3730, 0x04e30000)
  to   space 512K,   0% used [0x04e30000, 0x04e30000, 0x04eb0000)
 tenured generation   total 10944K, used 2401K [0x09eb0000, 0x0a960000, 0x14960000)
   the space 10944K,  21% used [0x09eb0000, 0x0a108678, 0x0a108800, 0x0a960000)
 compacting perm gen  total 12288K, used 5520K [0x14960000, 0x15560000, 0x18960000)
   the space 12288K,  44% used [0x14960000, 0x14ec4160, 0x14ec4200, 0x15560000)
No shared spaces configured.
}
Event: 5.352 GC heap before
{Heap before GC invocations=14 (full 0):
 def new generation   total 4928K, used 4493K [0x04960000, 0x04eb0000, 0x09eb0000)
  eden space 4416K, 100% used [0x04960000, 0x04db0000, 0x04db0000)
  from space 512K,  15% used [0x04db0000, 0x04dc3730, 0x04e30000)
  to   space 512K,   0% used [0x04e30000, 0x04e30000, 0x04eb0000)
 tenured generation   total 10944K, used 2401K [0x09eb0000, 0x0a960000, 0x14960000)
   the space 10944K,  21% used [0x09eb0000, 0x0a108678, 0x0a108800, 0x0a960000)
 compacting perm gen  total 12288K, used 5521K [0x14960000, 0x15560000, 0x18960000)
   the space 12288K,  44% used [0x14960000, 0x14ec4598, 0x14ec4600, 0x15560000)
No shared spaces configured.
Event: 5.354 GC heap after
Heap after GC invocations=15 (full 0):
 def new generation   total 4928K, used 81K [0x04960000, 0x04eb0000, 0x09eb0000)
  eden space 4416K,   0% used [0x04960000, 0x04960000, 0x04db0000)
  from space 512K,  15% used [0x04e30000, 0x04e445d0, 0x04eb0000)
  to   space 512K,   0% used [0x04db0000, 0x04db0000, 0x04e30000)
 tenured generation   total 10944K, used 2401K [0x09eb0000, 0x0a960000, 0x14960000)
   the space 10944K,  21% used [0x09eb0000, 0x0a108678, 0x0a108800, 0x0a960000)
 compacting perm gen  total 12288K, used 5521K [0x14960000, 0x15560000, 0x18960000)
   the space 12288K,  44% used [0x14960000, 0x14ec4598, 0x14ec4600, 0x15560000)
No shared spaces configured.
}
Event: 17.888 GC heap before
{Heap before GC invocations=15 (full 0):
 def new generation   total 4928K, used 4497K [0x04960000, 0x04eb0000, 0x09eb0000)
  eden space 4416K, 100% used [0x04960000, 0x04db0000, 0x04db0000)
  from space 512K,  15% used [0x04e30000, 0x04e445d0, 0x04eb0000)
  to   space 512K,   0% used [0x04db0000, 0x04db0000, 0x04e30000)
 tenured generation   total 10944K, used 2401K [0x09eb0000, 0x0a960000, 0x14960000)
   the space 10944K,  21% used [0x09eb0000, 0x0a108678, 0x0a108800, 0x0a960000)
 compacting perm gen  total 12288K, used 5714K [0x14960000, 0x15560000, 0x18960000)
   the space 12288K,  46% used [0x14960000, 0x14ef49e8, 0x14ef4a00, 0x15560000)
No shared spaces configured.
Event: 17.890 GC heap after
Heap after GC invocations=16 (full 0):
 def new generation   total 4928K, used 260K [0x04960000, 0x04eb0000, 0x09eb0000)
  eden space 4416K,   0% used [0x04960000, 0x04960000, 0x04db0000)
  from space 512K,  50% used [0x04db0000, 0x04df10f0, 0x04e30000)
  to   space 512K,   0% used [0x04e30000, 0x04e30000, 0x04eb0000)
 tenured generation   total 10944K, used 2401K [0x09eb0000, 0x0a960000, 0x14960000)
   the space 10944K,  21% used [0x09eb0000, 0x0a108678, 0x0a108800, 0x0a960000)
 compacting perm gen  total 12288K, used 5714K [0x14960000, 0x15560000, 0x18960000)
   the space 12288K,  46% used [0x14960000, 0x14ef49e8, 0x14ef4a00, 0x15560000)
No shared spaces configured.
}
Event: 34.772 GC heap before
{Heap before GC invocations=16 (full 0):
 def new generation   total 4928K, used 4676K [0x04960000, 0x04eb0000, 0x09eb0000)
  eden space 4416K, 100% used [0x04960000, 0x04db0000, 0x04db0000)
  from space 512K,  50% used [0x04db0000, 0x04df10f0, 0x04e30000)
  to   space 512K,   0% used [0x04e30000, 0x04e30000, 0x04eb0000)
 tenured generation   total 10944K, used 2401K [0x09eb0000, 0x0a960000, 0x14960000)
   the space 10944K,  21% used [0x09eb0000, 0x0a108678, 0x0a108800, 0x0a960000)
 compacting perm gen  total 12288K, used 6262K [0x14960000, 0x15560000, 0x18960000)
   the space 12288K,  50% used [0x14960000, 0x14f7d9e8, 0x14f7da00, 0x15560000)
No shared spaces configured.
Event: 34.776 GC heap after
Heap after GC invocations=17 (full 0):
 def new generation   total 4928K, used 383K [0x04960000, 0x04eb0000, 0x09eb0000)
  eden space 4416K,   0% used [0x04960000, 0x04960000, 0x04db0000)
  from space 512K,  74% used [0x04e30000, 0x04e8fc70, 0x04eb0000)
  to   space 512K,   0% used [0x04db0000, 0x04db0000, 0x04e30000)
 tenured generation   total 10944K, used 2474K [0x09eb0000, 0x0a960000, 0x14960000)
   the space 10944K,  22% used [0x09eb0000, 0x0a11a950, 0x0a11aa00, 0x0a960000)
 compacting perm gen  total 12288K, used 6262K [0x14960000, 0x15560000, 0x18960000)
   the space 12288K,  50% used [0x14960000, 0x14f7d9e8, 0x14f7da00, 0x15560000)
No shared spaces configured.
}

